-------------------------------------------------------------------------------
Test set: br.com.ifms.lp2.Lp2ApplicationTests
-------------------------------------------------------------------------------
Tests run: 1, Failures: 0, Errors: 1, Skipped: 0, Time elapsed: 1.078 s <<< FAILURE! - in br.com.ifms.lp2.Lp2ApplicationTests
contextLoads  Time elapsed: 0.008 s  <<< ERROR!
java.lang.IllegalStateException: Failed to load ApplicationContext for [WebMergedContextConfiguration@7915bca3 testClass = br.com.ifms.lp2.Lp2ApplicationTests, locations = [], classes = [br.com.ifms.lp2.Lp2Application], contextInitializerClasses = [], activeProfiles = [], propertySourceLocations = [], propertySourceProperties = ["org.springframework.boot.test.context.SpringBootTestContextBootstrapper=true"], contextCustomizers = [org.springframework.boot.test.context.filter.ExcludeFilterContextCustomizer@18e36d14, org.springframework.boot.test.json.DuplicateJsonObjectContextCustomizerFactory$DuplicateJsonObjectContextCustomizer@75d2da2d, org.springframework.boot.test.mock.mockito.MockitoContextCustomizer@0, org.springframework.boot.test.web.client.TestRestTemplateContextCustomizer@7aaca91a, org.springframework.boot.test.autoconfigure.actuate.observability.ObservabilityContextCustomizerFactory$DisableObservabilityContextCustomizer@9da1, org.springframework.boot.test.autoconfigure.properties.PropertyMappingContextCustomizer@0, org.springframework.boot.test.autoconfigure.web.servlet.WebDriverContextCustomizerFactory$Customizer@3f67593e, org.springframework.boot.test.context.SpringBootTestAnnotation@b506be5e], resourceBasePath = "src/main/webapp", contextLoader = org.springframework.boot.test.context.SpringBootContextLoader, parent = null]
Caused by: java.lang.IllegalStateException: Error processing condition on org.springframework.boot.autoconfigure.orm.jpa.JpaBaseConfiguration.jpaVendorAdapter
Caused by: java.lang.IllegalStateException: Failed to introspect Class [org.springframework.boot.autoconfigure.orm.jpa.HibernateJpaConfiguration] from ClassLoader [jdk.internal.loader.ClassLoaders$AppClassLoader@6d5380c2]
Caused by: java.lang.NoClassDefFoundError: org/hibernate/boot/model/naming/PhysicalNamingStrategy
Caused by: java.lang.ClassNotFoundException: org.hibernate.boot.model.naming.PhysicalNamingStrategy

